# JRE version: Java(TM) SE Runtime Environment (8.0_91-b15) (build 1.8.0_91-b15)
# Java VM: Java HotSpot(TM) 64-Bit Server VM (25.91-b15 mixed mode windows-amd64 compressed oops)
Heap:
 PSYoungGen      total 46592K, used 26923K [0x00000000d5d00000, 0x00000000d8d80000, 0x0000000100000000)
  eden space 43520K, 60% used [0x00000000d5d00000,0x00000000d7681d10,0x00000000d8780000)
  from space 3072K, 26% used [0x00000000d8a80000,0x00000000d8b49278,0x00000000d8d80000)
  to   space 3072K, 0% used [0x00000000d8780000,0x00000000d8780000,0x00000000d8a80000)
 ParOldGen       total 87552K, used 46757K [0x0000000081600000, 0x0000000086b80000, 0x00000000d5d00000)
  object space 87552K, 53% used [0x0000000081600000,0x00000000843a97c8,0x0000000086b80000)
 Metaspace       used 3362K, capacity 4780K, committed 5120K, reserved 1056768K
  class space    used 359K, capacity 424K, committed 512K, reserved 1048576K
GC Heap History (10 events):
Event: 2.704 GC heap before
{Heap before GC invocations=62 (full 0):
 PSYoungGen      total 46592K, used 44320K [0x00000000d5d00000, 0x00000000d8d80000, 0x0000000100000000)
  eden space 43520K, 100% used [0x00000000d5d00000,0x00000000d8780000,0x00000000d8780000)
  from space 3072K, 26% used [0x00000000d8780000,0x00000000d8848000,0x00000000d8a80000)
  to   space 3072K, 0% used [0x00000000d8a80000,0x00000000d8a80000,0x00000000d8d80000)
 ParOldGen       total 87552K, used 40179K [0x0000000081600000, 0x0000000086b80000, 0x00000000d5d00000)
  object space 87552K, 45% used [0x0000000081600000,0x0000000083d3ce38,0x0000000086b80000)
 Metaspace       used 3362K, capacity 4780K, committed 5120K, reserved 1056768K
  class space    used 359K, capacity 424K, committed 512K, reserved 1048576K
Event: 2.706 GC heap after
Heap after GC invocations=62 (full 0):
 PSYoungGen      total 46592K, used 768K [0x00000000d5d00000, 0x00000000d8d80000, 0x0000000100000000)
  eden space 43520K, 0% used [0x00000000d5d00000,0x00000000d5d00000,0x00000000d8780000)
  from space 3072K, 25% used [0x00000000d8a80000,0x00000000d8b40000,0x00000000d8d80000)
  to   space 3072K, 0% used [0x00000000d8780000,0x00000000d8780000,0x00000000d8a80000)
 ParOldGen       total 87552K, used 40923K [0x0000000081600000, 0x0000000086b80000, 0x00000000d5d00000)
  object space 87552K, 46% used [0x0000000081600000,0x0000000083df6e38,0x0000000086b80000)
 Metaspace       used 3362K, capacity 4780K, committed 5120K, reserved 1056768K
  class space    used 359K, capacity 424K, committed 512K, reserved 1048576K
}
Event: 2.743 GC heap before
{Heap before GC invocations=63 (full 0):
 PSYoungGen      total 46592K, used 44288K [0x00000000d5d00000, 0x00000000d8d80000, 0x0000000100000000)
  eden space 43520K, 100% used [0x00000000d5d00000,0x00000000d8780000,0x00000000d8780000)
  from space 3072K, 25% used [0x00000000d8a80000,0x00000000d8b40000,0x00000000d8d80000)
  to   space 3072K, 0% used [0x00000000d8780000,0x00000000d8780000,0x00000000d8a80000)
 ParOldGen       total 87552K, used 40923K [0x0000000081600000, 0x0000000086b80000, 0x00000000d5d00000)
  object space 87552K, 46% used [0x0000000081600000,0x0000000083df6e38,0x0000000086b80000)
 Metaspace       used 3362K, capacity 4780K, committed 5120K, reserved 1056768K
  class space    used 359K, capacity 424K, committed 512K, reserved 1048576K
Event: 2.745 GC heap after
Heap after GC invocations=63 (full 0):
 PSYoungGen      total 46592K, used 768K [0x00000000d5d00000, 0x00000000d8d80000, 0x0000000100000000)
  eden space 43520K, 0% used [0x00000000d5d00000,0x00000000d5d00000,0x00000000d8780000)
  from space 3072K, 25% used [0x00000000d8780000,0x00000000d8840000,0x00000000d8a80000)
  to   space 3072K, 0% used [0x00000000d8a80000,0x00000000d8a80000,0x00000000d8d80000)
 ParOldGen       total 87552K, used 41667K [0x0000000081600000, 0x0000000086b80000, 0x00000000d5d00000)
  object space 87552K, 47% used [0x0000000081600000,0x0000000083eb0e38,0x0000000086b80000)
 Metaspace       used 3362K, capacity 4780K, committed 5120K, reserved 1056768K
  class space    used 359K, capacity 424K, committed 512K, reserved 1048576K
}
Event: 2.787 GC heap before
{Heap before GC invocations=64 (full 0):
 PSYoungGen      total 46592K, used 44288K [0x00000000d5d00000, 0x00000000d8d80000, 0x0000000100000000)
  eden space 43520K, 100% used [0x00000000d5d00000,0x00000000d8780000,0x00000000d8780000)
  from space 3072K, 25% used [0x00000000d8780000,0x00000000d8840000,0x00000000d8a80000)
  to   space 3072K, 0% used [0x00000000d8a80000,0x00000000d8a80000,0x00000000d8d80000)
 ParOldGen       total 87552K, used 41667K [0x0000000081600000, 0x0000000086b80000, 0x00000000d5d00000)
  object space 87552K, 47% used [0x0000000081600000,0x0000000083eb0e38,0x0000000086b80000)
 Metaspace       used 3362K, capacity 4780K, committed 5120K, reserved 1056768K
  class space    used 359K, capacity 424K, committed 512K, reserved 1048576K
Event: 2.788 GC heap after
Heap after GC invocations=64 (full 0):
 PSYoungGen      total 46592K, used 784K [0x00000000d5d00000, 0x00000000d8d80000, 0x0000000100000000)
  eden space 43520K, 0% used [0x00000000d5d00000,0x00000000d5d00000,0x00000000d8780000)
  from space 3072K, 25% used [0x00000000d8a80000,0x00000000d8b44120,0x00000000d8d80000)
  to   space 3072K, 0% used [0x00000000d8780000,0x00000000d8780000,0x00000000d8a80000)
 ParOldGen       total 87552K, used 42403K [0x0000000081600000, 0x0000000086b80000, 0x00000000d5d00000)
  object space 87552K, 48% used [0x0000000081600000,0x0000000083f68e38,0x0000000086b80000)
 Metaspace       used 3362K, capacity 4780K, committed 5120K, reserved 1056768K
  class space    used 359K, capacity 424K, committed 512K, reserved 1048576K
}
Event: 2.823 GC heap before
{Heap before GC invocations=65 (full 0):
 PSYoungGen      total 46592K, used 44304K [0x00000000d5d00000, 0x00000000d8d80000, 0x0000000100000000)
  eden space 43520K, 100% used [0x00000000d5d00000,0x00000000d8780000,0x00000000d8780000)
  from space 3072K, 25% used [0x00000000d8a80000,0x00000000d8b44120,0x00000000d8d80000)
  to   space 3072K, 0% used [0x00000000d8780000,0x00000000d8780000,0x00000000d8a80000)
 ParOldGen       total 87552K, used 42403K [0x0000000081600000, 0x0000000086b80000, 0x00000000d5d00000)
  object space 87552K, 48% used [0x0000000081600000,0x0000000083f68e38,0x0000000086b80000)
 Metaspace       used 3362K, capacity 4780K, committed 5120K, reserved 1056768K
  class space    used 359K, capacity 424K, committed 512K, reserved 1048576K
Event: 2.825 GC heap after
Heap after GC invocations=65 (full 0):
 PSYoungGen      total 46592K, used 736K [0x00000000d5d00000, 0x00000000d8d80000, 0x0000000100000000)
  eden space 43520K, 0% used [0x00000000d5d00000,0x00000000d5d00000,0x00000000d8780000)
  from space 3072K, 23% used [0x00000000d8780000,0x00000000d8838000,0x00000000d8a80000)
  to   space 3072K, 0% used [0x00000000d8a80000,0x00000000d8a80000,0x00000000d8d80000)
 ParOldGen       total 87552K, used 43155K [0x0000000081600000, 0x0000000086b80000, 0x00000000d5d00000)
  object space 87552K, 49% used [0x0000000081600000,0x0000000084024f58,0x0000000086b80000)
 Metaspace       used 3362K, capacity 4780K, committed 5120K, reserved 1056768K
  class space    used 359K, capacity 424K, committed 512K, reserved 1048576K
}
Event: 2.868 GC heap before
{Heap before GC invocations=66 (full 0):
 PSYoungGen      total 46592K, used 44256K [0x00000000d5d00000, 0x00000000d8d80000, 0x0000000100000000)
  eden space 43520K, 100% used [0x00000000d5d00000,0x00000000d8780000,0x00000000d8780000)
  from space 3072K, 23% used [0x00000000d8780000,0x00000000d8838000,0x00000000d8a80000)
  to   space 3072K, 0% used [0x00000000d8a80000,0x00000000d8a80000,0x00000000d8d80000)
 ParOldGen       total 87552K, used 43155K [0x0000000081600000, 0x0000000086b80000, 0x00000000d5d00000)
  object space 87552K, 49% used [0x0000000081600000,0x0000000084024f58,0x0000000086b80000)
 Metaspace       used 3362K, capacity 4780K, committed 5120K, reserved 1056768K
  class space    used 359K, capacity 424K, committed 512K, reserved 1048576K
Event: 2.869 GC heap after
Heap after GC invocations=66 (full 0):
 PSYoungGen      total 46592K, used 768K [0x00000000d5d00000, 0x00000000d8d80000, 0x0000000100000000)
  eden space 43520K, 0% used [0x00000000d5d00000,0x00000000d5d00000,0x00000000d8780000)
  from space 3072K, 25% used [0x00000000d8a80000,0x00000000d8b40000,0x00000000d8d80000)
  to   space 3072K, 0% used [0x00000000d8780000,0x00000000d8780000,0x00000000d8a80000)
 ParOldGen       total 87552K, used 43835K [0x0000000081600000, 0x0000000086b80000, 0x00000000d5d00000)
  object space 87552K, 50% used [0x0000000081600000,0x00000000840cec58,0x0000000086b80000)
 Metaspace       used 3362K, capacity 4780K, committed 5120K, reserved 1056768K
  class space    used 359K, capacity 424K, committed 512K, reserved 1048576K
}

